<?xml version="1.0" encoding="UTF-8"?>
<!-- Generated by org.testng.reporters.JUnitReportReporter -->
<testsuite hostname="DESKTOP-H5CAL9A" failures="0" tests="2" name="FaceBook_newAccount.CreateNewAccountTestClass" time="4.372" errors="0" timestamp="2023-02-19T14:23:52 IST" skipped="0">
  <testcase classname="FaceBook_newAccount.CreateNewAccountTestClass" name="tc2" time="4.230"/>
  <system-out/>
  <testcase classname="FaceBook_newAccount.CreateNewAccountTestClass" name="tc1" time="0.142"/>
  <system-out/>
</testsuite> <!-- FaceBook_newAccount.CreateNewAccountTestClass -->
